<?xml version="1.0" encoding="UTF-8"?>
<testng-results skipped="0" failed="0" ignored="0" total="1" passed="1">
  <reporter-output>
  </reporter-output>
  <suite name="Default suite" duration-ms="14789" started-at="2020-07-04T19:14:19 IST" finished-at="2020-07-04T19:14:34 IST">
    <groups>
    </groups>
    <test name="Default test" duration-ms="14789" started-at="2020-07-04T19:14:19 IST" finished-at="2020-07-04T19:14:34 IST">
      <class name="regressionPack.TC_VerifyLogin">
        <test-method status="PASS" signature="logincheck()[pri:0, instance:regressionPack.TC_VerifyLogin@32a068d1]" name="logincheck" duration-ms="14703" started-at="2020-07-04T19:14:19 IST" finished-at="2020-07-04T19:14:34 IST">
          <reporter-output>
          </reporter-output>
        </test-method> <!-- logincheck -->
      </class> <!-- regressionPack.TC_VerifyLogin -->
    </test> <!-- Default test -->
  </suite> <!-- Default suite -->
</testng-results>
